<?xml version="1.0" encoding="UTF-8"?>
<!-- Generated by org.testng.reporters.JUnitReportReporter -->
<testsuite hostname="DDC5-L-8SR06M2" failures="0" tests="1" name="mavenApp.MainTest" time="9.521" errors="0" timestamp="2020-08-02T12:15:53 IST" skipped="0">
  <testcase classname="mavenApp.MainTest" name="test" time="9.521"/>
  <system-out/>
</testsuite> <!-- mavenApp.MainTest -->
