<?xml version="1.0" encoding="UTF-8"?>
<!-- Generated by org.testng.reporters.JUnitReportReporter -->
<testsuite hostname="DDC5-L-8SR06M2" failures="0" tests="1" name="mavenApp.MainTest" time="9.611" errors="0" timestamp="2 Aug 2020 06:48:54 GMT">
  <testcase classname="mavenApp.MainTest" name="test" time="9.611"/>
</testsuite> <!-- mavenApp.MainTest -->
