<?xml version="1.0" encoding="UTF-8"?>
<!-- Generated by org.testng.reporters.JUnitReportReporter -->
<testsuite hostname="sahil" name="mavenApp.MainTest" tests="1" failures="0" timestamp="4 Aug 2020 08:11:37 GMT" time="10.746" errors="0">
  <testcase name="test" time="10.746" classname="mavenApp.MainTest"/>
</testsuite> <!-- mavenApp.MainTest -->
